\BOOKMARK [0][-]{chapter.1}{Introduzione}{}% 1
\BOOKMARK [1][-]{section.1.1}{Prefazione}{chapter.1}% 2
\BOOKMARK [1][-]{section.1.2}{Stato dell'arte}{chapter.1}% 3
\BOOKMARK [1][-]{section.1.3}{Lavori correlati}{chapter.1}% 4
\BOOKMARK [1][-]{section.1.4}{Reti neurali}{chapter.1}% 5
\BOOKMARK [1][-]{section.1.5}{Reti densamente connesse}{chapter.1}% 6
\BOOKMARK [1][-]{section.1.6}{Reti ricorrenti}{chapter.1}% 7
\BOOKMARK [2][-]{subsection.1.6.1}{Dipendenze a lungo termine}{section.1.6}% 8
\BOOKMARK [2][-]{subsection.1.6.2}{Long Short Term Memory}{section.1.6}% 9
\BOOKMARK [2][-]{subsection.1.6.3}{Reti bidirezionali}{section.1.6}% 10
\BOOKMARK [1][-]{section.1.7}{Reti autoregressive}{chapter.1}% 11
\BOOKMARK [1][-]{section.1.8}{Autoencoder}{chapter.1}% 12
\BOOKMARK [2][-]{subsection.1.8.1}{Variational Autoencoder}{section.1.8}% 13
\BOOKMARK [1][-]{section.1.9}{MDN}{chapter.1}% 14
\BOOKMARK [0][-]{chapter.2}{Strumenti}{}% 15
\BOOKMARK [1][-]{section.2.1}{Librerie software}{chapter.2}% 16
\BOOKMARK [2][-]{subsection.2.1.1}{Keras}{section.2.1}% 17
\BOOKMARK [2][-]{subsection.2.1.2}{Edward}{section.2.1}% 18
\BOOKMARK [2][-]{subsection.2.1.3}{Recurrentshop}{section.2.1}% 19
\BOOKMARK [1][-]{section.2.2}{Dataset}{chapter.2}% 20
\BOOKMARK [0][-]{chapter.3}{Esperimenti}{}% 21
\BOOKMARK [1][-]{section.3.1}{Keras sketch-rnn}{chapter.3}% 22
\BOOKMARK [0][-]{chapter.4}{Conclusioni}{}% 23
